# JRE version: OpenJDK Runtime Environment (11.0.12+7) (build 11.0.12+7-b1504.28-7817840)
# Java VM: OpenJDK 64-Bit Server VM (11.0.12+7-b1504.28-7817840, mixed mode, tiered, compressed oops, g1 gc, windows-amd64)
Heap:
 garbage-first heap   total 337920K, used 182990K [0x0000000080000000, 0x0000000100000000)
  region size 1024K, 4 young (4096K), 4 survivors (4096K)
 Metaspace       used 122421K, capacity 125902K, committed 126028K, reserved 1159168K
  class space    used 15206K, capacity 16432K, committed 16460K, reserved 1048576K
GC Heap History (20 events):
Event: 1271.267 GC heap after
{Heap after GC invocations=98 (full 0):
 garbage-first heap   total 199680K, used 156450K [0x0000000080000000, 0x0000000100000000)
  region size 1024K, 3 young (3072K), 3 survivors (3072K)
 Metaspace       used 116896K, capacity 120297K, committed 120524K, reserved 1153024K
  class space    used 14769K, capacity 15947K, committed 16076K, reserved 1048576K
}
Event: 1271.336 GC heap before
{Heap before GC invocations=98 (full 0):
 garbage-first heap   total 199680K, used 162594K [0x0000000080000000, 0x0000000100000000)
  region size 1024K, 9 young (9216K), 3 survivors (3072K)
 Metaspace       used 116965K, capacity 120425K, committed 120780K, reserved 1155072K
  class space    used 14769K, capacity 15947K, committed 16076K, reserved 1048576K
}
Event: 1271.353 GC heap after
{Heap after GC invocations=99 (full 0):
 garbage-first heap   total 199680K, used 159098K [0x0000000080000000, 0x0000000100000000)
  region size 1024K, 2 young (2048K), 2 survivors (2048K)
 Metaspace       used 116965K, capacity 120425K, committed 120780K, reserved 1155072K
  class space    used 14769K, capacity 15947K, committed 16076K, reserved 1048576K
}
Event: 1271.457 GC heap before
{Heap before GC invocations=99 (full 0):
 garbage-first heap   total 199680K, used 168314K [0x0000000080000000, 0x0000000100000000)
  region size 1024K, 12 young (12288K), 2 survivors (2048K)
 Metaspace       used 116974K, capacity 120425K, committed 120780K, reserved 1155072K
  class space    used 14769K, capacity 15947K, committed 16076K, reserved 1048576K
}
Event: 1271.473 GC heap after
{Heap after GC invocations=100 (full 0):
 garbage-first heap   total 199680K, used 162783K [0x0000000080000000, 0x0000000100000000)
  region size 1024K, 2 young (2048K), 2 survivors (2048K)
 Metaspace       used 116974K, capacity 120425K, committed 120780K, reserved 1155072K
  class space    used 14769K, capacity 15947K, committed 16076K, reserved 1048576K
}
Event: 1271.590 GC heap before
{Heap before GC invocations=100 (full 0):
 garbage-first heap   total 199680K, used 170975K [0x0000000080000000, 0x0000000100000000)
  region size 1024K, 10 young (10240K), 2 survivors (2048K)
 Metaspace       used 117668K, capacity 121161K, committed 121292K, reserved 1155072K
  class space    used 14842K, capacity 16043K, committed 16076K, reserved 1048576K
}
Event: 1271.609 GC heap after
{Heap after GC invocations=101 (full 0):
 garbage-first heap   total 199680K, used 163933K [0x0000000080000000, 0x0000000100000000)
  region size 1024K, 1 young (1024K), 1 survivors (1024K)
 Metaspace       used 117668K, capacity 121161K, committed 121292K, reserved 1155072K
  class space    used 14842K, capacity 16043K, committed 16076K, reserved 1048576K
}
Event: 1271.696 GC heap before
{Heap before GC invocations=101 (full 0):
 garbage-first heap   total 199680K, used 172125K [0x0000000080000000, 0x0000000100000000)
  region size 1024K, 9 young (9216K), 1 survivors (1024K)
 Metaspace       used 117975K, capacity 121412K, committed 121548K, reserved 1155072K
  class space    used 14875K, capacity 16064K, committed 16076K, reserved 1048576K
}
Event: 1271.698 GC heap after
{Heap after GC invocations=102 (full 0):
 garbage-first heap   total 199680K, used 164486K [0x0000000080000000, 0x0000000100000000)
  region size 1024K, 2 young (2048K), 2 survivors (2048K)
 Metaspace       used 117975K, capacity 121412K, committed 121548K, reserved 1155072K
  class space    used 14875K, capacity 16064K, committed 16076K, reserved 1048576K
}
Event: 1271.831 GC heap before
{Heap before GC invocations=103 (full 0):
 garbage-first heap   total 199680K, used 179846K [0x0000000080000000, 0x0000000100000000)
  region size 1024K, 9 young (9216K), 2 survivors (2048K)
 Metaspace       used 118226K, capacity 121700K, committed 121932K, reserved 1155072K
  class space    used 14895K, capacity 16096K, committed 16204K, reserved 1048576K
}
Event: 1271.839 GC heap after
{Heap after GC invocations=104 (full 0):
 garbage-first heap   total 199680K, used 167172K [0x0000000080000000, 0x0000000100000000)
  region size 1024K, 2 young (2048K), 2 survivors (2048K)
 Metaspace       used 118226K, capacity 121700K, committed 121932K, reserved 1155072K
  class space    used 14895K, capacity 16096K, committed 16204K, reserved 1048576K
}
Event: 1271.971 GC heap before
{Heap before GC invocations=104 (full 0):
 garbage-first heap   total 199680K, used 174340K [0x0000000080000000, 0x0000000100000000)
  region size 1024K, 9 young (9216K), 2 survivors (2048K)
 Metaspace       used 118256K, capacity 121700K, committed 121932K, reserved 1155072K
  class space    used 14896K, capacity 16096K, committed 16204K, reserved 1048576K
}
Event: 1271.983 GC heap after
{Heap after GC invocations=105 (full 0):
 garbage-first heap   total 239616K, used 163956K [0x0000000080000000, 0x0000000100000000)
  region size 1024K, 2 young (2048K), 2 survivors (2048K)
 Metaspace       used 118256K, capacity 121700K, committed 121932K, reserved 1155072K
  class space    used 14896K, capacity 16096K, committed 16204K, reserved 1048576K
}
Event: 1272.423 GC heap before
{Heap before GC invocations=105 (full 0):
 garbage-first heap   total 239616K, used 190580K [0x0000000080000000, 0x0000000100000000)
  region size 1024K, 29 young (29696K), 2 survivors (2048K)
 Metaspace       used 118376K, capacity 121838K, committed 122188K, reserved 1155072K
  class space    used 14904K, capacity 16099K, committed 16204K, reserved 1048576K
}
Event: 1272.443 GC heap after
{Heap after GC invocations=106 (full 0):
 garbage-first heap   total 239616K, used 170731K [0x0000000080000000, 0x0000000100000000)
  region size 1024K, 4 young (4096K), 4 survivors (4096K)
 Metaspace       used 118376K, capacity 121838K, committed 122188K, reserved 1155072K
  class space    used 14904K, capacity 16099K, committed 16204K, reserved 1048576K
}
Event: 1272.601 GC heap before
{Heap before GC invocations=106 (full 0):
 garbage-first heap   total 239616K, used 210667K [0x0000000080000000, 0x0000000100000000)
  region size 1024K, 28 young (28672K), 4 survivors (4096K)
 Metaspace       used 118704K, capacity 122160K, committed 122444K, reserved 1155072K
  class space    used 14928K, capacity 16111K, committed 16204K, reserved 1048576K
}
Event: 1272.609 GC heap after
{Heap after GC invocations=107 (full 0):
 garbage-first heap   total 239616K, used 174713K [0x0000000080000000, 0x0000000100000000)
  region size 1024K, 4 young (4096K), 4 survivors (4096K)
 Metaspace       used 118704K, capacity 122160K, committed 122444K, reserved 1155072K
  class space    used 14928K, capacity 16111K, committed 16204K, reserved 1048576K
}
Event: 1272.870 GC heap before
{Heap before GC invocations=108 (full 0):
 garbage-first heap   total 239616K, used 197241K [0x0000000080000000, 0x0000000100000000)
  region size 1024K, 26 young (26624K), 4 survivors (4096K)
 Metaspace       used 120654K, capacity 124142K, committed 124364K, reserved 1157120K
  class space    used 15062K, capacity 16272K, committed 16332K, reserved 1048576K
}
Event: 1272.876 GC heap after
{Heap after GC invocations=109 (full 0):
 garbage-first heap   total 239616K, used 178928K [0x0000000080000000, 0x0000000100000000)
  region size 1024K, 4 young (4096K), 4 survivors (4096K)
 Metaspace       used 120654K, capacity 124142K, committed 124364K, reserved 1157120K
  class space    used 15062K, capacity 16272K, committed 16332K, reserved 1048576K
}
Event: 1273.022 GC heap before
{Heap before GC invocations=109 (full 0):
 garbage-first heap   total 239616K, used 199408K [0x0000000080000000, 0x0000000100000000)
  region size 1024K, 25 young (25600K), 4 survivors (4096K)
 Metaspace       used 122421K, capacity 125902K, committed 126028K, reserved 1159168K
  class space    used 15206K, capacity 16432K, committed 16460K, reserved 1048576K
}

