# JRE version: OpenJDK Runtime Environment (11.0.12+7) (build 11.0.12+7-b1504.28-7817840)
# Java VM: OpenJDK 64-Bit Server VM (11.0.12+7-b1504.28-7817840, mixed mode, tiered, compressed oops, g1 gc, windows-amd64)
Heap:
 garbage-first heap   total 287744K, used 135374K [0x0000000080000000, 0x0000000100000000)
  region size 1024K, 1 young (1024K), 1 survivors (1024K)
 Metaspace       used 113816K, capacity 116532K, committed 116824K, reserved 1150976K
  class space    used 14282K, capacity 15326K, committed 15448K, reserved 1048576K
GC Heap History (20 events):
Event: 14.042 GC heap after
{Heap after GC invocations=45 (full 0):
 garbage-first heap   total 239616K, used 97730K [0x0000000080000000, 0x0000000100000000)
  region size 1024K, 1 young (1024K), 1 survivors (1024K)
 Metaspace       used 94292K, capacity 96428K, committed 96728K, reserved 1132544K
  class space    used 11901K, capacity 12717K, committed 12760K, reserved 1048576K
}
Event: 14.239 GC heap before
{Heap before GC invocations=45 (full 0):
 garbage-first heap   total 239616K, used 158146K [0x0000000080000000, 0x0000000100000000)
  region size 1024K, 59 young (60416K), 1 survivors (1024K)
 Metaspace       used 94366K, capacity 96454K, committed 96728K, reserved 1132544K
  class space    used 11912K, capacity 12725K, committed 12760K, reserved 1048576K
}
Event: 14.241 GC heap after
{Heap after GC invocations=46 (full 0):
 garbage-first heap   total 239616K, used 100898K [0x0000000080000000, 0x0000000100000000)
  region size 1024K, 2 young (2048K), 2 survivors (2048K)
 Metaspace       used 94366K, capacity 96454K, committed 96728K, reserved 1132544K
  class space    used 11912K, capacity 12725K, committed 12760K, reserved 1048576K
}
Event: 14.403 GC heap before
{Heap before GC invocations=46 (full 0):
 garbage-first heap   total 239616K, used 167458K [0x0000000080000000, 0x0000000100000000)
  region size 1024K, 67 young (68608K), 2 survivors (2048K)
 Metaspace       used 94366K, capacity 96454K, committed 96728K, reserved 1132544K
  class space    used 11912K, capacity 12725K, committed 12760K, reserved 1048576K
}
Event: 14.405 GC heap after
{Heap after GC invocations=47 (full 0):
 garbage-first heap   total 239616K, used 102064K [0x0000000080000000, 0x0000000100000000)
  region size 1024K, 3 young (3072K), 3 survivors (3072K)
 Metaspace       used 94366K, capacity 96454K, committed 96728K, reserved 1132544K
  class space    used 11912K, capacity 12725K, committed 12760K, reserved 1048576K
}
Event: 15.224 GC heap before
{Heap before GC invocations=47 (full 0):
 garbage-first heap   total 239616K, used 173744K [0x0000000080000000, 0x0000000100000000)
  region size 1024K, 72 young (73728K), 3 survivors (3072K)
 Metaspace       used 97157K, capacity 99311K, committed 99416K, reserved 1136640K
  class space    used 12241K, capacity 13070K, committed 13144K, reserved 1048576K
}
Event: 15.227 GC heap after
{Heap after GC invocations=48 (full 0):
 garbage-first heap   total 239616K, used 99240K [0x0000000080000000, 0x0000000100000000)
  region size 1024K, 2 young (2048K), 2 survivors (2048K)
 Metaspace       used 97157K, capacity 99311K, committed 99416K, reserved 1136640K
  class space    used 12241K, capacity 13070K, committed 13144K, reserved 1048576K
}
Event: 16.966 GC heap before
{Heap before GC invocations=48 (full 0):
 garbage-first heap   total 239616K, used 189352K [0x0000000080000000, 0x0000000100000000)
  region size 1024K, 91 young (93184K), 2 survivors (2048K)
 Metaspace       used 100772K, capacity 102988K, committed 103128K, reserved 1138688K
  class space    used 12632K, capacity 13503K, committed 13528K, reserved 1048576K
}
Event: 16.971 GC heap after
{Heap after GC invocations=49 (full 0):
 garbage-first heap   total 239616K, used 103054K [0x0000000080000000, 0x0000000100000000)
  region size 1024K, 6 young (6144K), 6 survivors (6144K)
 Metaspace       used 100772K, capacity 102988K, committed 103128K, reserved 1138688K
  class space    used 12632K, capacity 13503K, committed 13528K, reserved 1048576K
}
Event: 19.746 GC heap before
{Heap before GC invocations=49 (full 0):
 garbage-first heap   total 239616K, used 191118K [0x0000000080000000, 0x0000000100000000)
  region size 1024K, 93 young (95232K), 6 survivors (6144K)
 Metaspace       used 102716K, capacity 105026K, committed 105176K, reserved 1140736K
  class space    used 12801K, capacity 13682K, committed 13784K, reserved 1048576K
}
Event: 19.754 GC heap after
{Heap after GC invocations=50 (full 0):
 garbage-first heap   total 239616K, used 107418K [0x0000000080000000, 0x0000000100000000)
  region size 1024K, 10 young (10240K), 10 survivors (10240K)
 Metaspace       used 102716K, capacity 105026K, committed 105176K, reserved 1140736K
  class space    used 12801K, capacity 13682K, committed 13784K, reserved 1048576K
}
Event: 20.272 GC heap before
{Heap before GC invocations=50 (full 0):
 garbage-first heap   total 239616K, used 193434K [0x0000000080000000, 0x0000000100000000)
  region size 1024K, 95 young (97280K), 10 survivors (10240K)
 Metaspace       used 108012K, capacity 110472K, committed 110808K, reserved 1144832K
  class space    used 13508K, capacity 14433K, committed 14552K, reserved 1048576K
}
Event: 20.289 GC heap after
{Heap after GC invocations=51 (full 0):
 garbage-first heap   total 239616K, used 123836K [0x0000000080000000, 0x0000000100000000)
  region size 1024K, 12 young (12288K), 12 survivors (12288K)
 Metaspace       used 108012K, capacity 110472K, committed 110808K, reserved 1144832K
  class space    used 13508K, capacity 14433K, committed 14552K, reserved 1048576K
}
Event: 20.511 GC heap before
{Heap before GC invocations=51 (full 0):
 garbage-first heap   total 239616K, used 191420K [0x0000000080000000, 0x0000000100000000)
  region size 1024K, 78 young (79872K), 12 survivors (12288K)
 Metaspace       used 109684K, capacity 112250K, committed 112344K, reserved 1146880K
  class space    used 13760K, capacity 14746K, committed 14808K, reserved 1048576K
}
Event: 20.536 GC heap after
{Heap after GC invocations=52 (full 0):
 garbage-first heap   total 239616K, used 131478K [0x0000000080000000, 0x0000000100000000)
  region size 1024K, 10 young (10240K), 10 survivors (10240K)
 Metaspace       used 109684K, capacity 112250K, committed 112344K, reserved 1146880K
  class space    used 13760K, capacity 14746K, committed 14808K, reserved 1048576K
}
Event: 20.740 GC heap before
{Heap before GC invocations=52 (full 0):
 garbage-first heap   total 239616K, used 188822K [0x0000000080000000, 0x0000000100000000)
  region size 1024K, 68 young (69632K), 10 survivors (10240K)
 Metaspace       used 111310K, capacity 113990K, committed 114136K, reserved 1148928K
  class space    used 14033K, capacity 15050K, committed 15064K, reserved 1048576K
}
Event: 20.757 GC heap after
{Heap after GC invocations=53 (full 0):
 garbage-first heap   total 239616K, used 139109K [0x0000000080000000, 0x0000000100000000)
  region size 1024K, 9 young (9216K), 9 survivors (9216K)
 Metaspace       used 111310K, capacity 113990K, committed 114136K, reserved 1148928K
  class space    used 14033K, capacity 15050K, committed 15064K, reserved 1048576K
}
Event: 21.124 GC heap before
{Heap before GC invocations=54 (full 0):
 garbage-first heap   total 239616K, used 193381K [0x0000000080000000, 0x0000000100000000)
  region size 1024K, 62 young (63488K), 9 survivors (9216K)
 Metaspace       used 113252K, capacity 115918K, committed 116184K, reserved 1150976K
  class space    used 14274K, capacity 15294K, committed 15320K, reserved 1048576K
}
Event: 21.140 GC heap after
{Heap after GC invocations=55 (full 0):
 garbage-first heap   total 239616K, used 142336K [0x0000000080000000, 0x0000000100000000)
  region size 1024K, 3 young (3072K), 3 survivors (3072K)
 Metaspace       used 113252K, capacity 115918K, committed 116184K, reserved 1150976K
  class space    used 14274K, capacity 15294K, committed 15320K, reserved 1048576K
}
Event: 21.323 GC heap before
{Heap before GC invocations=55 (full 0):
 garbage-first heap   total 239616K, used 150528K [0x0000000080000000, 0x0000000100000000)
  region size 1024K, 11 young (11264K), 3 survivors (3072K)
 Metaspace       used 113816K, capacity 116532K, committed 116824K, reserved 1150976K
  class space    used 14282K, capacity 15326K, committed 15448K, reserved 1048576K
}

