# JRE version: OpenJDK Runtime Environment (11.0.12+7) (build 11.0.12+7-b1504.28-7817840)
# Java VM: OpenJDK 64-Bit Server VM (11.0.12+7-b1504.28-7817840, mixed mode, tiered, compressed oops, g1 gc, windows-amd64)
Heap:
 garbage-first heap   total 287744K, used 141080K [0x0000000080000000, 0x0000000100000000)
  region size 1024K, 9 young (9216K), 9 survivors (9216K)
 Metaspace       used 105468K, capacity 108177K, committed 108364K, reserved 1142784K
  class space    used 13642K, capacity 14682K, committed 14720K, reserved 1048576K
GC Heap History (20 events):
Event: 19.169 GC heap after
{Heap after GC invocations=50 (full 0):
 garbage-first heap   total 199680K, used 128081K [0x0000000080000000, 0x0000000100000000)
  region size 1024K, 1 young (1024K), 1 survivors (1024K)
 Metaspace       used 102799K, capacity 105279K, committed 105548K, reserved 1140736K
  class space    used 13383K, capacity 14366K, committed 14464K, reserved 1048576K
}
Event: 19.324 GC heap before
{Heap before GC invocations=50 (full 0):
 garbage-first heap   total 199680K, used 162897K [0x0000000080000000, 0x0000000100000000)
  region size 1024K, 35 young (35840K), 1 survivors (1024K)
 Metaspace       used 103081K, capacity 105522K, committed 105932K, reserved 1140736K
  class space    used 13421K, capacity 14403K, committed 14592K, reserved 1048576K
}
Event: 19.327 GC heap after
{Heap after GC invocations=51 (full 0):
 garbage-first heap   total 199680K, used 128228K [0x0000000080000000, 0x0000000100000000)
  region size 1024K, 1 young (1024K), 1 survivors (1024K)
 Metaspace       used 103081K, capacity 105522K, committed 105932K, reserved 1140736K
  class space    used 13421K, capacity 14403K, committed 14592K, reserved 1048576K
}
Event: 19.685 GC heap before
{Heap before GC invocations=52 (full 0):
 garbage-first heap   total 199680K, used 164068K [0x0000000080000000, 0x0000000100000000)
  region size 1024K, 36 young (36864K), 1 survivors (1024K)
 Metaspace       used 103263K, capacity 105779K, committed 106188K, reserved 1140736K
  class space    used 13403K, capacity 14369K, committed 14592K, reserved 1048576K
}
Event: 19.690 GC heap after
{Heap after GC invocations=53 (full 0):
 garbage-first heap   total 199680K, used 128792K [0x0000000080000000, 0x0000000100000000)
  region size 1024K, 2 young (2048K), 2 survivors (2048K)
 Metaspace       used 103263K, capacity 105779K, committed 106188K, reserved 1140736K
  class space    used 13403K, capacity 14369K, committed 14592K, reserved 1048576K
}
Event: 19.818 GC heap before
{Heap before GC invocations=53 (full 0):
 garbage-first heap   total 199680K, used 165656K [0x0000000080000000, 0x0000000100000000)
  region size 1024K, 38 young (38912K), 2 survivors (2048K)
 Metaspace       used 103710K, capacity 106286K, committed 106700K, reserved 1140736K
  class space    used 13465K, capacity 14476K, committed 14592K, reserved 1048576K
}
Event: 19.822 GC heap after
{Heap after GC invocations=54 (full 0):
 garbage-first heap   total 239616K, used 128741K [0x0000000080000000, 0x0000000100000000)
  region size 1024K, 2 young (2048K), 2 survivors (2048K)
 Metaspace       used 103710K, capacity 106286K, committed 106700K, reserved 1140736K
  class space    used 13465K, capacity 14476K, committed 14592K, reserved 1048576K
}
Event: 20.148 GC heap before
{Heap before GC invocations=55 (full 0):
 garbage-first heap   total 239616K, used 180965K [0x0000000080000000, 0x0000000100000000)
  region size 1024K, 53 young (54272K), 2 survivors (2048K)
 Metaspace       used 104542K, capacity 107117K, committed 107212K, reserved 1142784K
  class space    used 13552K, capacity 14576K, committed 14592K, reserved 1048576K
}
Event: 20.153 GC heap after
{Heap after GC invocations=56 (full 0):
 garbage-first heap   total 239616K, used 129612K [0x0000000080000000, 0x0000000100000000)
  region size 1024K, 3 young (3072K), 3 survivors (3072K)
 Metaspace       used 104542K, capacity 107117K, committed 107212K, reserved 1142784K
  class space    used 13552K, capacity 14576K, committed 14592K, reserved 1048576K
}
Event: 20.343 GC heap before
{Heap before GC invocations=56 (full 0):
 garbage-first heap   total 239616K, used 183884K [0x0000000080000000, 0x0000000100000000)
  region size 1024K, 56 young (57344K), 3 survivors (3072K)
 Metaspace       used 104981K, capacity 107650K, committed 107852K, reserved 1142784K
  class space    used 13606K, capacity 14667K, committed 14720K, reserved 1048576K
}
Event: 20.347 GC heap after
{Heap after GC invocations=57 (full 0):
 garbage-first heap   total 239616K, used 129002K [0x0000000080000000, 0x0000000100000000)
  region size 1024K, 2 young (2048K), 2 survivors (2048K)
 Metaspace       used 104981K, capacity 107650K, committed 107852K, reserved 1142784K
  class space    used 13606K, capacity 14667K, committed 14720K, reserved 1048576K
}
Event: 20.547 GC heap before
{Heap before GC invocations=57 (full 0):
 garbage-first heap   total 239616K, used 192490K [0x0000000080000000, 0x0000000100000000)
  region size 1024K, 64 young (65536K), 2 survivors (2048K)
 Metaspace       used 105169K, capacity 107868K, committed 108108K, reserved 1142784K
  class space    used 13613K, capacity 14670K, committed 14720K, reserved 1048576K
}
Event: 20.553 GC heap after
{Heap after GC invocations=58 (full 0):
 garbage-first heap   total 239616K, used 129288K [0x0000000080000000, 0x0000000100000000)
  region size 1024K, 2 young (2048K), 2 survivors (2048K)
 Metaspace       used 105169K, capacity 107868K, committed 108108K, reserved 1142784K
  class space    used 13613K, capacity 14670K, committed 14720K, reserved 1048576K
}
Event: 20.723 GC heap before
{Heap before GC invocations=59 (full 0):
 garbage-first heap   total 239616K, used 192776K [0x0000000080000000, 0x0000000100000000)
  region size 1024K, 64 young (65536K), 2 survivors (2048K)
 Metaspace       used 105349K, capacity 108036K, committed 108108K, reserved 1142784K
  class space    used 13641K, capacity 14681K, committed 14720K, reserved 1048576K
}
Event: 20.729 GC heap after
{Heap after GC invocations=60 (full 0):
 garbage-first heap   total 239616K, used 129940K [0x0000000080000000, 0x0000000100000000)
  region size 1024K, 3 young (3072K), 3 survivors (3072K)
 Metaspace       used 105349K, capacity 108036K, committed 108108K, reserved 1142784K
  class space    used 13641K, capacity 14681K, committed 14720K, reserved 1048576K
}
Event: 20.839 GC heap before
{Heap before GC invocations=60 (full 0):
 garbage-first heap   total 239616K, used 193428K [0x0000000080000000, 0x0000000100000000)
  region size 1024K, 66 young (67584K), 3 survivors (3072K)
 Metaspace       used 105387K, capacity 108105K, committed 108364K, reserved 1142784K
  class space    used 13641K, capacity 14681K, committed 14720K, reserved 1048576K
}
Event: 20.845 GC heap after
{Heap after GC invocations=61 (full 0):
 garbage-first heap   total 239616K, used 134526K [0x0000000080000000, 0x0000000100000000)
  region size 1024K, 8 young (8192K), 8 survivors (8192K)
 Metaspace       used 105387K, capacity 108105K, committed 108364K, reserved 1142784K
  class space    used 13641K, capacity 14681K, committed 14720K, reserved 1048576K
}
Event: 21.080 GC heap before
{Heap before GC invocations=61 (full 0):
 garbage-first heap   total 239616K, used 198014K [0x0000000080000000, 0x0000000100000000)
  region size 1024K, 70 young (71680K), 8 survivors (8192K)
 Metaspace       used 105428K, capacity 108108K, committed 108364K, reserved 1142784K
  class space    used 13642K, capacity 14681K, committed 14720K, reserved 1048576K
}
Event: 21.091 GC heap after
{Heap after GC invocations=62 (full 0):
 garbage-first heap   total 239616K, used 136357K [0x0000000080000000, 0x0000000100000000)
  region size 1024K, 5 young (5120K), 5 survivors (5120K)
 Metaspace       used 105428K, capacity 108108K, committed 108364K, reserved 1142784K
  class space    used 13642K, capacity 14681K, committed 14720K, reserved 1048576K
}
Event: 21.181 GC heap before
{Heap before GC invocations=63 (full 0):
 garbage-first heap   total 239616K, used 198821K [0x0000000080000000, 0x0000000100000000)
  region size 1024K, 66 young (67584K), 5 survivors (5120K)
 Metaspace       used 105468K, capacity 108177K, committed 108364K, reserved 1142784K
  class space    used 13642K, capacity 14682K, committed 14720K, reserved 1048576K
}

